2024-08-09 12:36:01 - Starting CrudClientApplication using Java 17.0.12 with PID 61084 (/home/michou/Documents/Internship/CRUD-client/target/classes started by michou in /home/michou/Documents/Internship/CRUD-client)
2024-08-09 12:36:01 - The following 1 profile is active: "prod"
2024-08-09 12:36:01 - Fetching config from server at : http://localhost:8888
2024-08-09 12:36:01 - Located environment: name=CRUD-client, profiles=[default], label=null, version=e3f824f57a577e3e95443a428eaffba52d9f3325, state=null
2024-08-09 12:36:01 - Fetching config from server at : http://localhost:8888
2024-08-09 12:36:01 - Located environment: name=CRUD-client, profiles=[prod], label=null, version=e3f824f57a577e3e95443a428eaffba52d9f3325, state=null
2024-08-09 12:36:01 - Devtools property defaults active! Set 'spring.devtools.add-properties' to 'false' to disable
2024-08-09 12:36:01 - For additional web related logging consider setting the 'logging.level.web' property to 'DEBUG'
2024-08-09 12:36:02 - Bootstrapping Spring Data JPA repositories in DEFAULT mode.
2024-08-09 12:36:02 - Finished Spring Data repository scanning in 31 ms. Found 1 JPA repository interface.
2024-08-09 12:36:02 - BeanFactory id=5687eb20-d4e9-3986-9712-1019af7a3595
2024-08-09 12:36:03 - Tomcat initialized with port 8080 (http)
2024-08-09 12:36:03 - Initializing ProtocolHandler ["http-nio-8080"]
2024-08-09 12:36:03 - Starting service [Tomcat]
2024-08-09 12:36:03 - Starting Servlet engine: [Apache Tomcat/10.1.26]
2024-08-09 12:36:03 - Initializing Spring embedded WebApplicationContext
2024-08-09 12:36:03 - Root WebApplicationContext: initialization completed in 1074 ms
2024-08-09 12:36:03 - HHH000204: Processing PersistenceUnitInfo [name: default]
2024-08-09 12:36:03 - HHH000412: Hibernate ORM core version 6.5.2.Final
2024-08-09 12:36:03 - HHH000026: Second-level cache disabled
2024-08-09 12:36:03 - No LoadTimeWeaver setup: ignoring JPA class transformer
2024-08-09 12:36:03 - HikariPool-1 - Starting...
2024-08-09 12:36:03 - HikariPool-1 - Added connection org.postgresql.jdbc.PgConnection@6bce3a3d
2024-08-09 12:36:03 - HikariPool-1 - Start completed.
2024-08-09 12:36:04 - HHH000489: No JTA platform available (set 'hibernate.transaction.jta.platform' to enable JTA platform integration)
2024-08-09 12:36:04 - Initialized JPA EntityManagerFactory for persistence unit 'default'
2024-08-09 12:36:04 - spring.jpa.open-in-view is enabled by default. Therefore, database queries may be performed during view rendering. Explicitly configure spring.jpa.open-in-view to disable this warning
2024-08-09 12:36:04 - 9 mappings in 'requestMappingHandlerMapping'
2024-08-09 12:36:04 - Patterns [/webjars/**, /**] in 'resourceHandlerMapping'
2024-08-09 12:36:04 - ControllerAdvice beans: 0 @ModelAttribute, 0 @InitBinder, 1 RequestBodyAdvice, 1 ResponseBodyAdvice
2024-08-09 12:36:04 - ControllerAdvice beans: 0 @ExceptionHandler, 1 ResponseBodyAdvice
2024-08-09 12:36:04 - Unable to start LiveReload server
2024-08-09 12:36:04 - Starting ProtocolHandler ["http-nio-8080"]
2024-08-09 12:36:04 - Tomcat started on port 8080 (http) with context path '/'
2024-08-09 12:36:04 - Started CrudClientApplication in 8.078 seconds (process running for 8.677)
2024-08-09 12:37:08 - Initializing Spring DispatcherServlet 'dispatcherServlet'
2024-08-09 12:37:08 - Initializing Servlet 'dispatcherServlet'
2024-08-09 12:37:08 - Detected StandardServletMultipartResolver
2024-08-09 12:37:08 - Detected AcceptHeaderLocaleResolver
2024-08-09 12:37:08 - Detected FixedThemeResolver
2024-08-09 12:37:08 - Detected org.springframework.web.servlet.view.DefaultRequestToViewNameTranslator@30a570b8
2024-08-09 12:37:08 - Detected org.springframework.web.servlet.support.SessionFlashMapManager@199b29b2
2024-08-09 12:37:08 - enableLoggingRequestDetails='false': request parameters and headers will be masked to prevent unsafe logging of potentially sensitive data
2024-08-09 12:37:08 - Completed initialization in 2 ms
2024-08-09 12:37:08 - GET "/persons", parameters={}
2024-08-09 12:37:08 - Mapped to com.example.CRUD.client.controller.PersonController#getAllPersons()
2024-08-09 12:37:08 - Using 'application/json', given [*/*] and supported [application/json, application/*+json]
2024-08-09 12:37:08 - Writing [[Person(id=1, name=Manzi, email=manzi@gmail.com), Person(id=3, name=Nshuti, email=nshuti@gmail.com), (truncated)...]
2024-08-09 12:37:08 - Completed 200 OK
2024-08-09 12:43:53 - POST "/persons", parameters={}
2024-08-09 12:43:53 - Mapped to com.example.CRUD.client.controller.PersonController#createPerson(Person)
2024-08-09 12:43:53 - Read "application/json;charset=UTF-8" to [Person(id=null, name=Person1, email=p1@gmail.com)]
2024-08-09 12:43:53 - Using 'application/json', given [*/*] and supported [application/json, application/*+json]
2024-08-09 12:43:53 - Writing [Person(id=52, name=Person1, email=p1@gmail.com)]
2024-08-09 12:43:53 - Completed 200 OK
2024-08-09 12:44:29 - GET "/persons", parameters={}
2024-08-09 12:44:29 - Mapped to com.example.CRUD.client.controller.PersonController#getAllPersons()
2024-08-09 12:44:29 - Using 'application/json', given [*/*] and supported [application/json, application/*+json]
2024-08-09 12:44:29 - Writing [[Person(id=1, name=Manzi, email=manzi@gmail.com), Person(id=3, name=Nshuti, email=nshuti@gmail.com), (truncated)...]
2024-08-09 12:44:29 - Completed 200 OK
2024-08-09 12:45:05 - PUT "/persons/52", parameters={}
2024-08-09 12:45:05 - Mapped to com.example.CRUD.client.controller.PersonController#updatePerson(Long, Person)
2024-08-09 12:45:05 - Read "application/json;charset=UTF-8" to [Person(id=null, name=Person2, email=person2@gmail.com)]
2024-08-09 12:45:05 - Using 'application/json', given [*/*] and supported [application/json, application/*+json]
2024-08-09 12:45:05 - Writing [Person(id=52, name=Person2, email=person2@gmail.com)]
2024-08-09 12:45:05 - Completed 200 OK
2024-08-09 12:45:16 - DELETE "/persons/52", parameters={}
2024-08-09 12:45:16 - Mapped to com.example.CRUD.client.controller.PersonController#deletePerson(Long)
2024-08-09 12:45:16 - Using 'application/json', given [*/*] and supported [application/json, application/*+json]
2024-08-09 12:45:16 - Nothing to write: null body
2024-08-09 12:45:16 - Completed 200 OK
2024-08-09 12:46:13 - GET "/persons", parameters={}
2024-08-09 12:46:13 - Mapped to com.example.CRUD.client.controller.PersonController#getAllPersons()
2024-08-09 12:46:13 - Using 'application/json', given [*/*] and supported [application/json, application/*+json]
2024-08-09 12:46:13 - Writing [[Person(id=1, name=Manzi, email=manzi@gmail.com), Person(id=3, name=Nshuti, email=nshuti@gmail.com), (truncated)...]
2024-08-09 12:46:13 - Completed 200 OK
2024-08-09 16:38:27 - Closing JPA EntityManagerFactory for persistence unit 'default'
2024-08-09 16:38:27 - HikariPool-1 - Shutdown initiated...
2024-08-09 16:38:27 - HikariPool-1 - Shutdown completed.
2024-08-09 16:38:35 - Starting CrudClientApplication using Java 17.0.12 with PID 86655 (/home/michou/Documents/Internship/CRUD-client/target/classes started by michou in /home/michou/Documents/Internship/CRUD-client)
2024-08-09 16:38:35 - The following 1 profile is active: "prod"
2024-08-09 16:38:35 - Fetching config from server at : http://localhost:8888
2024-08-09 16:38:35 - Located environment: name=CRUD-client, profiles=[default], label=null, version=e3f824f57a577e3e95443a428eaffba52d9f3325, state=null
2024-08-09 16:38:35 - Fetching config from server at : http://localhost:8888
2024-08-09 16:38:35 - Located environment: name=CRUD-client, profiles=[prod], label=null, version=e3f824f57a577e3e95443a428eaffba52d9f3325, state=null
2024-08-09 16:38:35 - Devtools property defaults active! Set 'spring.devtools.add-properties' to 'false' to disable
2024-08-09 16:38:35 - For additional web related logging consider setting the 'logging.level.web' property to 'DEBUG'
2024-08-09 16:38:35 - Bootstrapping Spring Data JPA repositories in DEFAULT mode.
2024-08-09 16:38:35 - Finished Spring Data repository scanning in 35 ms. Found 1 JPA repository interface.
2024-08-09 16:38:36 - BeanFactory id=5687eb20-d4e9-3986-9712-1019af7a3595
2024-08-09 16:38:36 - Tomcat initialized with port 8080 (http)
2024-08-09 16:38:36 - Initializing ProtocolHandler ["http-nio-8080"]
2024-08-09 16:38:36 - Starting service [Tomcat]
2024-08-09 16:38:36 - Starting Servlet engine: [Apache Tomcat/10.1.26]
2024-08-09 16:38:36 - Initializing Spring embedded WebApplicationContext
2024-08-09 16:38:36 - Root WebApplicationContext: initialization completed in 1330 ms
2024-08-09 16:38:36 - HHH000204: Processing PersistenceUnitInfo [name: default]
2024-08-09 16:38:36 - HHH000412: Hibernate ORM core version 6.5.2.Final
2024-08-09 16:38:36 - HHH000026: Second-level cache disabled
2024-08-09 16:38:36 - No LoadTimeWeaver setup: ignoring JPA class transformer
2024-08-09 16:38:37 - HikariPool-1 - Starting...
2024-08-09 16:38:37 - HikariPool-1 - Added connection org.postgresql.jdbc.PgConnection@590d04a3
2024-08-09 16:38:37 - HikariPool-1 - Start completed.
2024-08-09 16:38:37 - HHH000489: No JTA platform available (set 'hibernate.transaction.jta.platform' to enable JTA platform integration)
2024-08-09 16:38:37 - Initialized JPA EntityManagerFactory for persistence unit 'default'
2024-08-09 16:38:38 - spring.jpa.open-in-view is enabled by default. Therefore, database queries may be performed during view rendering. Explicitly configure spring.jpa.open-in-view to disable this warning
2024-08-09 16:38:38 - 9 mappings in 'requestMappingHandlerMapping'
2024-08-09 16:38:38 - Patterns [/webjars/**, /**] in 'resourceHandlerMapping'
2024-08-09 16:38:38 - ControllerAdvice beans: 0 @ModelAttribute, 0 @InitBinder, 1 RequestBodyAdvice, 1 ResponseBodyAdvice
2024-08-09 16:38:38 - ControllerAdvice beans: 0 @ExceptionHandler, 1 ResponseBodyAdvice
2024-08-09 16:38:38 - Unable to start LiveReload server
2024-08-09 16:38:38 - Starting ProtocolHandler ["http-nio-8080"]
2024-08-09 16:38:38 - Tomcat started on port 8080 (http) with context path '/'
2024-08-09 16:38:38 - Started CrudClientApplication in 8.294 seconds (process running for 8.865)
2024-08-09 16:39:01 - Initializing Spring DispatcherServlet 'dispatcherServlet'
2024-08-09 16:39:01 - Initializing Servlet 'dispatcherServlet'
2024-08-09 16:39:01 - Detected StandardServletMultipartResolver
2024-08-09 16:39:01 - Detected AcceptHeaderLocaleResolver
2024-08-09 16:39:01 - Detected FixedThemeResolver
2024-08-09 16:39:01 - Detected org.springframework.web.servlet.view.DefaultRequestToViewNameTranslator@6b0bbec2
2024-08-09 16:39:01 - Detected org.springframework.web.servlet.support.SessionFlashMapManager@49dbd46b
2024-08-09 16:39:01 - enableLoggingRequestDetails='false': request parameters and headers will be masked to prevent unsafe logging of potentially sensitive data
2024-08-09 16:39:01 - Completed initialization in 1 ms
2024-08-09 16:39:01 - GET "/persons", parameters={}
2024-08-09 16:39:01 - Mapped to com.example.CRUD.client.controller.PersonController#getAllPersons()
2024-08-09 16:39:01 - Using 'application/json', given [*/*] and supported [application/json, application/*+json]
2024-08-09 16:39:01 - Writing [[Person(id=1, name=Manzi, email=manzi@gmail.com), Person(id=3, name=Nshuti, email=nshuti@gmail.com), (truncated)...]
2024-08-09 16:39:01 - Completed 200 OK
2024-08-09 16:47:59 - Closing JPA EntityManagerFactory for persistence unit 'default'
2024-08-09 16:47:59 - HikariPool-1 - Shutdown initiated...
2024-08-09 16:47:59 - HikariPool-1 - Shutdown completed.
2024-08-09 16:48:06 - Starting CrudClientApplication using Java 17.0.12 with PID 89061 (/home/michou/Documents/Internship/CRUD-client/target/classes started by michou in /home/michou/Documents/Internship/CRUD-client)
2024-08-09 16:48:06 - The following 1 profile is active: "prod"
2024-08-09 16:48:06 - Fetching config from server at : http://localhost:8888
2024-08-09 16:48:06 - Located environment: name=CRUD-client, profiles=[default], label=null, version=e3f824f57a577e3e95443a428eaffba52d9f3325, state=null
2024-08-09 16:48:06 - Fetching config from server at : http://localhost:8888
2024-08-09 16:48:06 - Located environment: name=CRUD-client, profiles=[prod], label=null, version=e3f824f57a577e3e95443a428eaffba52d9f3325, state=null
2024-08-09 16:48:06 - Devtools property defaults active! Set 'spring.devtools.add-properties' to 'false' to disable
2024-08-09 16:48:06 - For additional web related logging consider setting the 'logging.level.web' property to 'DEBUG'
2024-08-09 16:48:06 - Bootstrapping Spring Data JPA repositories in DEFAULT mode.
2024-08-09 16:48:06 - Finished Spring Data repository scanning in 34 ms. Found 1 JPA repository interface.
2024-08-09 16:48:06 - BeanFactory id=5687eb20-d4e9-3986-9712-1019af7a3595
2024-08-09 16:48:07 - Tomcat initialized with port 8080 (http)
2024-08-09 16:48:07 - Initializing ProtocolHandler ["http-nio-8080"]
2024-08-09 16:48:07 - Starting service [Tomcat]
2024-08-09 16:48:07 - Starting Servlet engine: [Apache Tomcat/10.1.26]
2024-08-09 16:48:07 - Initializing Spring embedded WebApplicationContext
2024-08-09 16:48:07 - Root WebApplicationContext: initialization completed in 1319 ms
2024-08-09 16:48:07 - HHH000204: Processing PersistenceUnitInfo [name: default]
2024-08-09 16:48:07 - HHH000412: Hibernate ORM core version 6.5.2.Final
2024-08-09 16:48:07 - HHH000026: Second-level cache disabled
2024-08-09 16:48:07 - No LoadTimeWeaver setup: ignoring JPA class transformer
2024-08-09 16:48:07 - HikariPool-1 - Starting...
2024-08-09 16:48:08 - HikariPool-1 - Added connection org.postgresql.jdbc.PgConnection@c3f5c8
2024-08-09 16:48:08 - HikariPool-1 - Start completed.
2024-08-09 16:48:08 - HHH000489: No JTA platform available (set 'hibernate.transaction.jta.platform' to enable JTA platform integration)
2024-08-09 16:48:08 - Initialized JPA EntityManagerFactory for persistence unit 'default'
2024-08-09 16:48:08 - spring.jpa.open-in-view is enabled by default. Therefore, database queries may be performed during view rendering. Explicitly configure spring.jpa.open-in-view to disable this warning
2024-08-09 16:48:08 - 9 mappings in 'requestMappingHandlerMapping'
2024-08-09 16:48:09 - Patterns [/webjars/**, /**] in 'resourceHandlerMapping'
2024-08-09 16:48:09 - ControllerAdvice beans: 0 @ModelAttribute, 0 @InitBinder, 1 RequestBodyAdvice, 1 ResponseBodyAdvice
2024-08-09 16:48:09 - ControllerAdvice beans: 0 @ExceptionHandler, 1 ResponseBodyAdvice
2024-08-09 16:48:09 - Unable to start LiveReload server
2024-08-09 16:48:09 - Starting ProtocolHandler ["http-nio-8080"]
2024-08-09 16:48:09 - Tomcat started on port 8080 (http) with context path '/'
2024-08-09 16:48:09 - Started CrudClientApplication in 8.349 seconds (process running for 9.077)
